0 info it worked if it ends with ok
1 verbose cli [ 'C:\\Program Files\\iojs\\node.exe',
1 verbose cli   'C:\\Program Files\\iojs\\node_modules\\npm\\bin\\npm-cli.js',
1 verbose cli   'run',
1 verbose cli   'tsc' ]
2 info using npm@2.13.3
3 info using node@v3.0.0
4 verbose run-script [ 'pretsc', 'tsc', 'posttsc' ]
5 info pretsc angular2test@1.0.0
6 info tsc angular2test@1.0.0
7 verbose unsafe-perm in lifecycle true
8 info angular2test@1.0.0 Failed to exec tsc script
9 verbose stack Error: angular2test@1.0.0 tsc: `tsc -p src -w`
9 verbose stack Exit status 1
9 verbose stack     at EventEmitter.<anonymous> (C:\Program Files\iojs\node_modules\npm\lib\utils\lifecycle.js:214:16)
9 verbose stack     at emitTwo (events.js:87:13)
9 verbose stack     at EventEmitter.emit (events.js:172:7)
9 verbose stack     at ChildProcess.<anonymous> (C:\Program Files\iojs\node_modules\npm\lib\utils\spawn.js:24:14)
9 verbose stack     at emitTwo (events.js:87:13)
9 verbose stack     at ChildProcess.emit (events.js:172:7)
9 verbose stack     at maybeClose (internal/child_process.js:764:16)
9 verbose stack     at Process.ChildProcess._handle.onexit (internal/child_process.js:211:5)
10 verbose pkgid angular2test@1.0.0
11 verbose cwd c:\Dev\angular2test
12 error Windows_NT 6.3.9600
13 error argv "C:\\Program Files\\iojs\\node.exe" "C:\\Program Files\\iojs\\node_modules\\npm\\bin\\npm-cli.js" "run" "tsc"
14 error node v3.0.0
15 error npm  v2.13.3
16 error code ELIFECYCLE
17 error angular2test@1.0.0 tsc: `tsc -p src -w`
17 error Exit status 1
18 error Failed at the angular2test@1.0.0 tsc script 'tsc -p src -w'.
18 error This is most likely a problem with the angular2test package,
18 error not with npm itself.
18 error Tell the author that this fails on your system:
18 error     tsc -p src -w
18 error You can get their info via:
18 error     npm owner ls angular2test
18 error There is likely additional logging output above.
19 verbose exit [ 1, true ]
